<?xml version="1.0" encoding="UTF-8"?>
<testng-results skipped="0" failed="0" total="1" passed="1">
  <reporter-output>
  </reporter-output>
  <suite name="Default suite" duration-ms="13091" started-at="2015-12-04T21:22:38Z" finished-at="2015-12-04T21:22:51Z">
    <groups>
      <group name="seleniumTest">
        <method signature="SeleniumTest.testExamples()[pri:0, instance:org.gradle.SeleniumTest@880ec60]" name="testExamples" class="org.gradle.SeleniumTest"/>
      </group> <!-- seleniumTest -->
    </groups>
    <test name="Default test" duration-ms="13091" started-at="2015-12-04T21:22:38Z" finished-at="2015-12-04T21:22:51Z">
      <class name="org.gradle.SeleniumTest">
        <test-method status="PASS" signature="setUp()[pri:0, instance:org.gradle.SeleniumTest@880ec60]" name="setUp" is-config="true" duration-ms="12549" started-at="2015-12-04T13:22:38Z" finished-at="2015-12-04T13:22:50Z">
          <reporter-output>
          </reporter-output>
        </test-method> <!-- setUp -->
        <test-method status="PASS" signature="testExamples()[pri:0, instance:org.gradle.SeleniumTest@880ec60]" name="testExamples" duration-ms="493" started-at="2015-12-04T13:22:50Z" finished-at="2015-12-04T13:22:51Z">
          <reporter-output>
          </reporter-output>
        </test-method> <!-- testExamples -->
        <test-method status="PASS" signature="tearDown()[pri:0, instance:org.gradle.SeleniumTest@880ec60]" name="tearDown" is-config="true" duration-ms="1" started-at="2015-12-04T13:22:51Z" finished-at="2015-12-04T13:22:51Z">
          <reporter-output>
          </reporter-output>
        </test-method> <!-- tearDown -->
      </class> <!-- org.gradle.SeleniumTest -->
    </test> <!-- Default test -->
  </suite> <!-- Default suite -->
</testng-results>
